C:\USERS\YZZ\DESKTOP\LEARNING\COURSE SOURCE\2015-2016\3260\ASSIGNMENT\GIT_PLACE\WORKSPACE\GIT_REP\A2\AS2\CODING\CODING\DEBUG\BITMAP.OBJ
C:\USERS\YZZ\DESKTOP\LEARNING\COURSE SOURCE\2015-2016\3260\ASSIGNMENT\GIT_PLACE\WORKSPACE\GIT_REP\A2\AS2\CODING\CODING\DEBUG\VC110.PDB
C:\USERS\YZZ\DESKTOP\LEARNING\COURSE SOURCE\2015-2016\3260\ASSIGNMENT\GIT_PLACE\WORKSPACE\GIT_REP\A2\AS2\CODING\CODING\DEBUG\SUBMIT.OBJ
C:\Users\yzz\Desktop\Learning\Course Source\2015-2016\3260\Assignment\git_place\Workspace\git_rep\a2\AS2\Coding\Coding\Debug\bitmap.obj
C:\Users\yzz\Desktop\Learning\Course Source\2015-2016\3260\Assignment\git_place\Workspace\git_rep\a2\AS2\Coding\Coding\Debug\Submit.obj
C:\Users\yzz\Desktop\Learning\Course Source\2015-2016\3260\Assignment\git_place\Workspace\git_rep\a2\AS2\Coding\Coding\Debug\Submitting.obj
C:\Users\yzz\Desktop\Learning\Course Source\2015-2016\3260\Assignment\git_place\Workspace\git_rep\a2\AS2\Coding\Coding\Debug\cl.command.1.tlog
C:\Users\yzz\Desktop\Learning\Course Source\2015-2016\3260\Assignment\git_place\Workspace\git_rep\a2\AS2\Coding\Coding\Debug\CL.read.1.tlog
C:\Users\yzz\Desktop\Learning\Course Source\2015-2016\3260\Assignment\git_place\Workspace\git_rep\a2\AS2\Coding\Coding\Debug\CL.write.1.tlog
C:\Users\yzz\Desktop\Learning\Course Source\2015-2016\3260\Assignment\git_place\Workspace\git_rep\a2\AS2\Coding\Coding\Debug\link-cvtres.read.1.tlog
C:\Users\yzz\Desktop\Learning\Course Source\2015-2016\3260\Assignment\git_place\Workspace\git_rep\a2\AS2\Coding\Coding\Debug\link-cvtres.write.1.tlog
C:\Users\yzz\Desktop\Learning\Course Source\2015-2016\3260\Assignment\git_place\Workspace\git_rep\a2\AS2\Coding\Coding\Debug\link-rc.read.1.tlog
C:\Users\yzz\Desktop\Learning\Course Source\2015-2016\3260\Assignment\git_place\Workspace\git_rep\a2\AS2\Coding\Coding\Debug\link-rc.write.1.tlog
C:\Users\yzz\Desktop\Learning\Course Source\2015-2016\3260\Assignment\git_place\Workspace\git_rep\a2\AS2\Coding\Coding\Debug\link.command.1.tlog
C:\Users\yzz\Desktop\Learning\Course Source\2015-2016\3260\Assignment\git_place\Workspace\git_rep\a2\AS2\Coding\Coding\Debug\link.read.1.tlog
C:\Users\yzz\Desktop\Learning\Course Source\2015-2016\3260\Assignment\git_place\Workspace\git_rep\a2\AS2\Coding\Coding\Debug\link.write.1.tlog
C:\Users\yzz\Desktop\Learning\Course Source\2015-2016\3260\Assignment\git_place\Workspace\git_rep\a2\AS2\Coding\Coding\Debug\Coding.exe.intermediate.manifest
C:\Users\yzz\Desktop\Learning\Course Source\2015-2016\3260\Assignment\git_place\Workspace\git_rep\a2\AS2\Coding\Coding\Debug\vc110.idb
C:\Users\yzz\Desktop\Learning\Course Source\2015-2016\3260\Assignment\git_place\Workspace\git_rep\a2\AS2\Coding\Coding\Debug\vc90.idb
C:\Users\yzz\Desktop\Learning\Course Source\2015-2016\3260\Assignment\git_place\Workspace\git_rep\a2\AS2\Coding\Coding\Debug\vc110.pdb
C:\Users\yzz\Desktop\Learning\Course Source\2015-2016\3260\Assignment\git_place\Workspace\git_rep\a2\AS2\Coding\Coding\Debug\vc90.pdb
C:\Users\yzz\Desktop\Learning\Course Source\2015-2016\3260\Assignment\git_place\Workspace\git_rep\a2\AS2\Coding\Debug\Coding.pdb
